Performing C SOURCE FILE Test CMAKE_HAVE_LIBC_PTHREAD failed with the following output:
Change Dir: C:/Users/sawye/Develop/Game/build/CMakeFiles/CMakeTmp

Run Build Command(s):C:/PROGRA~1/Ninja/ninja.exe cmTC_fc45b && [1/2] Building C object CMakeFiles\cmTC_fc45b.dir\src.c.obj
FAILED: CMakeFiles/cmTC_fc45b.dir/src.c.obj 
C:\PROGRA~2\MICROS~2\2019\COMMUN~1\VC\Tools\MSVC\1428~1.299\bin\Hostx86\x64\cl.exe  /nologo -DCMAKE_HAVE_LIBC_PTHREAD  /DWIN32 /D_WINDOWS  /Zi /Ob0 /Od /RTC1 -MDd /showIncludes /FoCMakeFiles\cmTC_fc45b.dir\src.c.obj /FdCMakeFiles\cmTC_fc45b.dir\ /FS -c C:\Users\sawye\Develop\Game\build\CMakeFiles\CMakeTmp\src.c
C:\Users\sawye\Develop\Game\build\CMakeFiles\CMakeTmp\src.c(1): fatal error C1083: Cannot open include file: 'pthread.h': No such file or directory
ninja: build stopped: subcommand failed.


Source file was:
#include <pthread.h>

static void* test_func(void* data)
{
  return data;
}

int main(void)
{
  pthread_t thread;
  pthread_create(&thread, NULL, test_func, NULL);
  pthread_detach(thread);
  pthread_cancel(thread);
  pthread_join(thread, NULL);
  pthread_atfork(NULL, NULL, NULL);
  pthread_exit(NULL);

  return 0;
}

Determining if the function pthread_create exists in the pthreads failed with the following output:
Change Dir: C:/Users/sawye/Develop/Game/build/CMakeFiles/CMakeTmp

Run Build Command(s):C:/PROGRA~1/Ninja/ninja.exe cmTC_23738 && [1/2] Building C object CMakeFiles\cmTC_23738.dir\CheckFunctionExists.c.obj
[2/2] Linking C executable cmTC_23738.exe
FAILED: cmTC_23738.exe 
cmd.exe /C "cd . && "C:\Program Files\CMake\bin\cmake.exe" -E vs_link_exe --intdir=CMakeFiles\cmTC_23738.dir --rc=C:\PROGRA~2\WI3CF2~1\10\bin\100190~1.0\x86\rc.exe --mt=C:\PROGRA~2\WI3CF2~1\10\bin\100190~1.0\x86\mt.exe --manifests  -- C:\PROGRA~2\MICROS~2\2019\COMMUN~1\VC\Tools\MSVC\1428~1.299\bin\Hostx86\x64\link.exe /nologo CMakeFiles\cmTC_23738.dir\CheckFunctionExists.c.obj  /out:cmTC_23738.exe /implib:cmTC_23738.lib /pdb:cmTC_23738.pdb /version:0.0 /machine:x64  /debug /INCREMENTAL /subsystem:console  pthreads.lib  kernel32.lib user32.lib gdi32.lib winspool.lib shell32.lib ole32.lib oleaut32.lib uuid.lib comdlg32.lib advapi32.lib && cd ."
LINK Pass 1: command "C:\PROGRA~2\MICROS~2\2019\COMMUN~1\VC\Tools\MSVC\1428~1.299\bin\Hostx86\x64\link.exe /nologo CMakeFiles\cmTC_23738.dir\CheckFunctionExists.c.obj /out:cmTC_23738.exe /implib:cmTC_23738.lib /pdb:cmTC_23738.pdb /version:0.0 /machine:x64 /debug /INCREMENTAL /subsystem:console pthreads.lib kernel32.lib user32.lib gdi32.lib winspool.lib shell32.lib ole32.lib oleaut32.lib uuid.lib comdlg32.lib advapi32.lib /MANIFEST /MANIFESTFILE:CMakeFiles\cmTC_23738.dir/intermediate.manifest CMakeFiles\cmTC_23738.dir/manifest.res" failed (exit code 1104) with the following output:
LINK : fatal error LNK1104: cannot open file 'pthreads.lib'
ninja: build stopped: subcommand failed.



Determining if the function pthread_create exists in the pthread failed with the following output:
Change Dir: C:/Users/sawye/Develop/Game/build/CMakeFiles/CMakeTmp

Run Build Command(s):C:/PROGRA~1/Ninja/ninja.exe cmTC_60c12 && [1/2] Building C object CMakeFiles\cmTC_60c12.dir\CheckFunctionExists.c.obj
[2/2] Linking C executable cmTC_60c12.exe
FAILED: cmTC_60c12.exe 
cmd.exe /C "cd . && "C:\Program Files\CMake\bin\cmake.exe" -E vs_link_exe --intdir=CMakeFiles\cmTC_60c12.dir --rc=C:\PROGRA~2\WI3CF2~1\10\bin\100190~1.0\x86\rc.exe --mt=C:\PROGRA~2\WI3CF2~1\10\bin\100190~1.0\x86\mt.exe --manifests  -- C:\PROGRA~2\MICROS~2\2019\COMMUN~1\VC\Tools\MSVC\1428~1.299\bin\Hostx86\x64\link.exe /nologo CMakeFiles\cmTC_60c12.dir\CheckFunctionExists.c.obj  /out:cmTC_60c12.exe /implib:cmTC_60c12.lib /pdb:cmTC_60c12.pdb /version:0.0 /machine:x64  /debug /INCREMENTAL /subsystem:console  pthread.lib  kernel32.lib user32.lib gdi32.lib winspool.lib shell32.lib ole32.lib oleaut32.lib uuid.lib comdlg32.lib advapi32.lib && cd ."
LINK Pass 1: command "C:\PROGRA~2\MICROS~2\2019\COMMUN~1\VC\Tools\MSVC\1428~1.299\bin\Hostx86\x64\link.exe /nologo CMakeFiles\cmTC_60c12.dir\CheckFunctionExists.c.obj /out:cmTC_60c12.exe /implib:cmTC_60c12.lib /pdb:cmTC_60c12.pdb /version:0.0 /machine:x64 /debug /INCREMENTAL /subsystem:console pthread.lib kernel32.lib user32.lib gdi32.lib winspool.lib shell32.lib ole32.lib oleaut32.lib uuid.lib comdlg32.lib advapi32.lib /MANIFEST /MANIFESTFILE:CMakeFiles\cmTC_60c12.dir/intermediate.manifest CMakeFiles\cmTC_60c12.dir/manifest.res" failed (exit code 1104) with the following output:
LINK : fatal error LNK1104: cannot open file 'pthread.lib'
ninja: build stopped: subcommand failed.



